<?xml version="1.0" encoding="UTF-8"?>
<!-- Generated by org.testng.reporters.JUnitReportReporter -->
<testsuite hostname="LAPTOP-I5N94H9U" failures="0" tests="2" name="io.swagger.petstore.TestGetPetStore" time="3.653" errors="0" timestamp="2021-01-15T16:40:15 BRT" skipped="0">
  <testcase classname="io.swagger.petstore.TestGetPetStore" name="postUser" time="0.734"/>
  <system-out/>
  <testcase classname="io.swagger.petstore.TestGetPetStore" name="getPet" time="2.919"/>
  <system-out/>
</testsuite> <!-- io.swagger.petstore.TestGetPetStore -->
