<?xml version="1.0" encoding="UTF-8"?>
<!-- Generated by org.testng.reporters.JUnitReportReporter -->
<testsuite hostname="LAPTOP-I5N94H9U" failures="0" tests="6" name="io.swagger.petstore.TestAPIPetStore" time="30.413" errors="0" timestamp="2021-01-24T18:43:43 BRT" skipped="0">
  <testcase classname="io.swagger.petstore.TestAPIPetStore" name="postUser" time="9.467"/>
  <system-out/>
  <testcase classname="io.swagger.petstore.TestAPIPetStore" name="postPet" time="6.806"/>
  <system-out/>
  <testcase classname="io.swagger.petstore.TestAPIPetStore" name="placeOrder" time="6.422"/>
  <system-out/>
  <testcase classname="io.swagger.petstore.TestAPIPetStore" name="replaceOrder" time="6.391"/>
  <system-out/>
  <testcase classname="io.swagger.petstore.TestAPIPetStore" name="getUser" time="0.626"/>
  <system-out/>
  <testcase classname="io.swagger.petstore.TestAPIPetStore" name="getPet" time="0.701"/>
  <system-out/>
</testsuite> <!-- io.swagger.petstore.TestAPIPetStore -->
